<?xml version="1.0" encoding="UTF-8"?>
<testng-results skipped="0" failed="0" ignored="0" total="2" passed="2">
  <reporter-output>
  </reporter-output>
  <suite name="Default suite" duration-ms="16456" started-at="2019-09-18T01:43:29Z" finished-at="2019-09-18T01:43:46Z">
    <groups>
    </groups>
    <test name="Default test" duration-ms="16456" started-at="2019-09-18T01:43:29Z" finished-at="2019-09-18T01:43:46Z">
      <class name="test.NSS_TodoTest">
        <test-method status="PASS" signature="launchBrowser()[pri:0, instance:test.NSS_TodoTest@cc285f4]" name="launchBrowser" is-config="true" duration-ms="6840" started-at="2019-09-18T01:43:29Z" finished-at="2019-09-18T01:43:36Z">
          <reporter-output>
          </reporter-output>
        </test-method> <!-- launchBrowser -->
        <test-method status="PASS" signature="UserShouldBeAbleToAddCategory()[pri:1, instance:test.NSS_TodoTest@cc285f4]" name="UserShouldBeAbleToAddCategory" duration-ms="1706" started-at="2019-09-18T01:43:36Z" finished-at="2019-09-18T01:43:38Z">
          <reporter-output>
          </reporter-output>
        </test-method> <!-- UserShouldBeAbleToAddCategory -->
        <test-method status="PASS" signature="close()[pri:0, instance:test.NSS_TodoTest@cc285f4]" name="close" is-config="true" duration-ms="755" started-at="2019-09-18T01:43:38Z" finished-at="2019-09-18T01:43:39Z">
          <reporter-output>
          </reporter-output>
        </test-method> <!-- close -->
        <test-method status="PASS" signature="launchBrowser()[pri:0, instance:test.NSS_TodoTest@cc285f4]" name="launchBrowser" is-config="true" duration-ms="5959" started-at="2019-09-18T01:43:39Z" finished-at="2019-09-18T01:43:45Z">
          <reporter-output>
          </reporter-output>
        </test-method> <!-- launchBrowser -->
        <test-method status="PASS" signature="UserShouldNotBeAbleToAddDublicteCategory()[pri:2, instance:test.NSS_TodoTest@cc285f4]" name="UserShouldNotBeAbleToAddDublicteCategory" duration-ms="490" started-at="2019-09-18T01:43:45Z" finished-at="2019-09-18T01:43:45Z">
          <reporter-output>
          </reporter-output>
        </test-method> <!-- UserShouldNotBeAbleToAddDublicteCategory -->
        <test-method status="PASS" signature="close()[pri:0, instance:test.NSS_TodoTest@cc285f4]" name="close" is-config="true" duration-ms="671" started-at="2019-09-18T01:43:45Z" finished-at="2019-09-18T01:43:46Z">
          <reporter-output>
          </reporter-output>
        </test-method> <!-- close -->
      </class> <!-- test.NSS_TodoTest -->
    </test> <!-- Default test -->
  </suite> <!-- Default suite -->
</testng-results>
